[2025-11-08T09:33:27+01:00] musharrafcm97@outlook.com
Approve: http://localhost/Employee_Managment_System/php/approve.php?token=71147e6ade91c4208d0636e6add7a83fcd7560247cf4d3c493bc3a7b70548b0d
Deny: http://localhost/Employee_Managment_System/php/deny.php?token=71147e6ade91c4208d0636e6add7a83fcd7560247cf4d3c493bc3a7b70548b0d

[2025-11-09T11:54:55+01:00] Sent set-password to musharrafcm97@outlook.com
Set-pass: http://localhost/Employee_Managment_System/php/set_password.php?token=be4ab30c7ddd20030b72c32ffbc63d7de1f81eb80610284b8c602e8c61366024

[2025-11-12T22:01:53+01:00] abdmusharraf2001@gmail.com
Approve: http://localhost/Employee_Managment_System/php/approve.php?token=9a551cb3753084ee2132a8b50df09b7e04e97c18664c62a9c90076d46b5fcbca
Deny: http://localhost/Employee_Managment_System/php/deny.php?token=9a551cb3753084ee2132a8b50df09b7e04e97c18664c62a9c90076d46b5fcbca

[2025-11-12T22:02:57+01:00] Sent set-password to abdmusharraf2001@gmail.com
Set-pass: http://localhost/Employee_Managment_System/php/set_password.php?token=648cf62ca100aa42024b30ae7d42feedf441eb8b7a8064ec0887844d509813ab

[2025-11-12T22:15:25+01:00] abdmusharraf2001@gmail.com
Approve: http://localhost/Employee_Managment_System/php/approve.php?token=79011c8d40bfc57ffe0c5ce27c0441e3f952679cf194266059e2fddbf2980c33
Deny: http://localhost/Employee_Managment_System/php/deny.php?token=79011c8d40bfc57ffe0c5ce27c0441e3f952679cf194266059e2fddbf2980c33

[2025-11-12T22:16:48+01:00] abdmusharraf2001@gmail.com
Approve: http://localhost/Employee_Managment_System/php/approve.php?token=ee7b166dfd35c9f1f3da6f0ba12621ef89d691f3bcaf0eed3de6cbd0807f1c7b
Deny: http://localhost/Employee_Managment_System/php/deny.php?token=ee7b166dfd35c9f1f3da6f0ba12621ef89d691f3bcaf0eed3de6cbd0807f1c7b

[2025-12-01T12:37:48+01:00] test@outlook.com
Approve: http://localhost/Employee_Managment_System/php/approve.php?token=fd4043eb268fee7bc4231a968fba61139e09cffdbb9b006e4e8136493277109f
Deny: http://localhost/Employee_Managment_System/php/deny.php?token=fd4043eb268fee7bc4231a968fba61139e09cffdbb9b006e4e8136493277109f

[2025-12-01T12:38:13+01:00] Sent set-password to test@outlook.com
Set-pass: http://localhost/Employee_Managment_System/php/set_password.php?token=c73812cc8253aaf56ef300d4f8ec74a359fca07a543204d35d40ce9125d46691

[2026-01-20T18:46:42+01:00] test2@outlook.com
Approve: http://localhost/Employee_Managment_System/PHP/approve.php?token=4e0253734322c7c35cb0b4100d564e2218363f8da1f0c387134461e2614cc23c
Deny: http://localhost/Employee_Managment_System/PHP/deny.php?token=4e0253734322c7c35cb0b4100d564e2218363f8da1f0c387134461e2614cc23c

[2026-01-20T18:47:04+01:00] Sent set-password to test2@outlook.com
Set-pass: http://localhost/Employee_Managment_System/PHP/set_password.php?token=23c36fe7892472d50acba419f07949dac8019795027c323fb657579a1637bb0e

